2015-03-28 22:33:07,139 [Worker-1] INFO  o.e.m.c.i.p.ProjectConfigurationManager - Collecting project info '/pom.xml' C:\Users\Rocío\DoublyLinkedList\DoublyLinkedList\pom.xml
2015-03-28 22:33:10,686 [Worker-1] INFO  o.e.m.c.i.l.LifecycleMappingFactory - Using org.eclipse.m2e.jdt.JarLifecycleMapping lifecycle mapping for MavenProject: IIS:DoublyLinkedList:0.0.1-SNAPSHOT @ C:\Users\Rocío\DoublyLinkedList\DoublyLinkedList\pom.xml.
2015-03-28 22:33:11,873 [Worker-1] INFO  o.e.m.j.i.AbstractJavaProjectConfigurator - Adding source folder /DoublyLinkedList/src/main/java
2015-03-28 22:33:11,889 [Worker-1] INFO  o.e.m.j.i.AbstractJavaProjectConfigurator - Adding source folder /DoublyLinkedList/src/test/java
2015-03-28 22:33:12,311 [Worker-0] INFO  o.e.m.c.i.l.LifecycleMappingFactory - Using org.eclipse.m2e.jdt.JarLifecycleMapping lifecycle mapping for MavenProject: IIS:DoublyLinkedList:0.0.1-SNAPSHOT @ C:\Users\Rocío\DoublyLinkedList\DoublyLinkedList\pom.xml.
2015-03-28 22:33:14,174 [Worker-1] INFO  o.e.m.c.i.p.ProjectConfigurationManager - Imported and configured 1 project(s) in 7 sec
2015-03-28 22:33:15,362 [Worker-4] INFO  o.e.m.c.i.l.LifecycleMappingFactory - Using org.eclipse.m2e.jdt.JarLifecycleMapping lifecycle mapping for MavenProject: IIS:DoublyLinkedList:0.0.1-SNAPSHOT @ C:\Users\Rocío\DoublyLinkedList\DoublyLinkedList\pom.xml.
2015-03-28 22:33:15,471 [Worker-4] INFO  o.e.m.c.i.embedder.EclipseLogger - Using 'UTF-8' encoding to copy filtered resources.
2015-03-28 22:33:15,471 [Worker-4] INFO  o.e.m.c.i.embedder.EclipseLogger - skip non existing resourceDirectory C:\Users\Rocío\DoublyLinkedList\DoublyLinkedList\src\main\resources
2015-03-28 22:33:15,471 [Worker-4] INFO  o.e.m.c.i.embedder.EclipseLogger - Using 'UTF-8' encoding to copy filtered resources.
2015-03-28 22:33:15,471 [Worker-4] INFO  o.e.m.c.i.embedder.EclipseLogger - skip non existing resourceDirectory C:\Users\Rocío\DoublyLinkedList\DoublyLinkedList\src\test\resources
2015-03-28 22:38:32,469 [Worker-1] INFO  o.e.m.c.i.embedder.EclipseLogger - Using 'UTF-8' encoding to copy filtered resources.
2015-03-28 22:38:32,469 [Worker-1] INFO  o.e.m.c.i.embedder.EclipseLogger - skip non existing resourceDirectory C:\Users\Rocío\DoublyLinkedList\DoublyLinkedList\src\main\resources
2015-03-28 22:38:32,469 [Worker-1] INFO  o.e.m.c.i.embedder.EclipseLogger - Using 'UTF-8' encoding to copy filtered resources.
2015-03-28 22:38:32,469 [Worker-1] INFO  o.e.m.c.i.embedder.EclipseLogger - skip non existing resourceDirectory C:\Users\Rocío\DoublyLinkedList\DoublyLinkedList\src\test\resources
2015-03-28 22:38:33,532 [Worker-6] INFO  o.e.m.c.i.embedder.EclipseLogger - Using 'UTF-8' encoding to copy filtered resources.
2015-03-28 22:38:33,532 [Worker-6] INFO  o.e.m.c.i.embedder.EclipseLogger - skip non existing resourceDirectory C:\Users\Rocío\DoublyLinkedList\DoublyLinkedList\src\main\resources
2015-03-28 22:38:33,532 [Worker-6] INFO  o.e.m.c.i.embedder.EclipseLogger - Using 'UTF-8' encoding to copy filtered resources.
2015-03-28 22:38:33,532 [Worker-6] INFO  o.e.m.c.i.embedder.EclipseLogger - skip non existing resourceDirectory C:\Users\Rocío\DoublyLinkedList\DoublyLinkedList\src\test\resources
2015-03-28 22:42:27,847 [Worker-9] INFO  o.e.m.c.i.embedder.EclipseLogger - Using 'UTF-8' encoding to copy filtered resources.
2015-03-28 22:42:27,862 [Worker-9] INFO  o.e.m.c.i.embedder.EclipseLogger - skip non existing resourceDirectory C:\Users\Rocío\DoublyLinkedList\DoublyLinkedList\src\main\resources
2015-03-28 22:42:27,862 [Worker-9] INFO  o.e.m.c.i.embedder.EclipseLogger - Using 'UTF-8' encoding to copy filtered resources.
2015-03-28 22:42:27,862 [Worker-9] INFO  o.e.m.c.i.embedder.EclipseLogger - skip non existing resourceDirectory C:\Users\Rocío\DoublyLinkedList\DoublyLinkedList\src\test\resources
2015-03-28 22:44:31,471 [Worker-9] INFO  o.e.m.c.i.embedder.EclipseLogger - Using 'UTF-8' encoding to copy filtered resources.
2015-03-28 22:44:31,471 [Worker-9] INFO  o.e.m.c.i.embedder.EclipseLogger - skip non existing resourceDirectory C:\Users\Rocío\DoublyLinkedList\DoublyLinkedList\src\main\resources
2015-03-28 22:44:31,471 [Worker-9] INFO  o.e.m.c.i.embedder.EclipseLogger - Using 'UTF-8' encoding to copy filtered resources.
2015-03-28 22:44:31,471 [Worker-9] INFO  o.e.m.c.i.embedder.EclipseLogger - skip non existing resourceDirectory C:\Users\Rocío\DoublyLinkedList\DoublyLinkedList\src\test\resources
2015-03-28 22:47:29,482 [Worker-10] INFO  o.e.m.c.i.embedder.EclipseLogger - Using 'UTF-8' encoding to copy filtered resources.
2015-03-28 22:47:29,482 [Worker-10] INFO  o.e.m.c.i.embedder.EclipseLogger - skip non existing resourceDirectory C:\Users\Rocío\DoublyLinkedList\DoublyLinkedList\src\main\resources
2015-03-28 22:47:29,482 [Worker-10] INFO  o.e.m.c.i.embedder.EclipseLogger - Using 'UTF-8' encoding to copy filtered resources.
2015-03-28 22:47:29,482 [Worker-10] INFO  o.e.m.c.i.embedder.EclipseLogger - skip non existing resourceDirectory C:\Users\Rocío\DoublyLinkedList\DoublyLinkedList\src\test\resources
2015-03-28 22:48:59,613 [Worker-13] INFO  o.e.m.c.i.embedder.EclipseLogger - Using 'UTF-8' encoding to copy filtered resources.
2015-03-28 22:48:59,613 [Worker-13] INFO  o.e.m.c.i.embedder.EclipseLogger - skip non existing resourceDirectory C:\Users\Rocío\DoublyLinkedList\DoublyLinkedList\src\main\resources
2015-03-28 22:48:59,613 [Worker-13] INFO  o.e.m.c.i.embedder.EclipseLogger - Using 'UTF-8' encoding to copy filtered resources.
2015-03-28 22:48:59,613 [Worker-13] INFO  o.e.m.c.i.embedder.EclipseLogger - skip non existing resourceDirectory C:\Users\Rocío\DoublyLinkedList\DoublyLinkedList\src\test\resources
2015-03-28 22:58:07,583 [Worker-16] INFO  o.e.m.c.i.embedder.EclipseLogger - Using 'UTF-8' encoding to copy filtered resources.
2015-03-28 22:58:07,583 [Worker-16] INFO  o.e.m.c.i.embedder.EclipseLogger - skip non existing resourceDirectory C:\Users\Rocío\DoublyLinkedList\DoublyLinkedList\src\main\resources
2015-03-28 22:58:07,583 [Worker-16] INFO  o.e.m.c.i.embedder.EclipseLogger - Using 'UTF-8' encoding to copy filtered resources.
2015-03-28 22:58:07,583 [Worker-16] INFO  o.e.m.c.i.embedder.EclipseLogger - skip non existing resourceDirectory C:\Users\Rocío\DoublyLinkedList\DoublyLinkedList\src\test\resources
2015-03-28 22:58:46,908 [Worker-15] INFO  o.e.m.c.i.embedder.EclipseLogger - Using 'UTF-8' encoding to copy filtered resources.
2015-03-28 22:58:46,908 [Worker-15] INFO  o.e.m.c.i.embedder.EclipseLogger - skip non existing resourceDirectory C:\Users\Rocío\DoublyLinkedList\DoublyLinkedList\src\main\resources
2015-03-28 22:58:46,908 [Worker-15] INFO  o.e.m.c.i.embedder.EclipseLogger - Using 'UTF-8' encoding to copy filtered resources.
2015-03-28 22:58:46,924 [Worker-15] INFO  o.e.m.c.i.embedder.EclipseLogger - skip non existing resourceDirectory C:\Users\Rocío\DoublyLinkedList\DoublyLinkedList\src\test\resources
2015-03-28 23:00:10,315 [Worker-16] INFO  o.e.m.c.i.embedder.EclipseLogger - Using 'UTF-8' encoding to copy filtered resources.
2015-03-28 23:00:10,315 [Worker-16] INFO  o.e.m.c.i.embedder.EclipseLogger - skip non existing resourceDirectory C:\Users\Rocío\DoublyLinkedList\DoublyLinkedList\src\main\resources
2015-03-28 23:00:10,315 [Worker-16] INFO  o.e.m.c.i.embedder.EclipseLogger - Using 'UTF-8' encoding to copy filtered resources.
2015-03-28 23:00:10,315 [Worker-16] INFO  o.e.m.c.i.embedder.EclipseLogger - skip non existing resourceDirectory C:\Users\Rocío\DoublyLinkedList\DoublyLinkedList\src\test\resources
2015-03-28 23:04:47,893 [Worker-9] INFO  o.e.m.c.i.embedder.EclipseLogger - Using 'UTF-8' encoding to copy filtered resources.
2015-03-28 23:04:47,893 [Worker-9] INFO  o.e.m.c.i.embedder.EclipseLogger - skip non existing resourceDirectory C:\Users\Rocío\DoublyLinkedList\DoublyLinkedList\src\main\resources
2015-03-28 23:04:47,893 [Worker-9] INFO  o.e.m.c.i.embedder.EclipseLogger - Using 'UTF-8' encoding to copy filtered resources.
2015-03-28 23:04:47,893 [Worker-9] INFO  o.e.m.c.i.embedder.EclipseLogger - skip non existing resourceDirectory C:\Users\Rocío\DoublyLinkedList\DoublyLinkedList\src\test\resources
2015-03-28 23:08:30,702 [Worker-19] INFO  o.e.m.c.i.embedder.EclipseLogger - Using 'UTF-8' encoding to copy filtered resources.
2015-03-28 23:08:30,702 [Worker-19] INFO  o.e.m.c.i.embedder.EclipseLogger - skip non existing resourceDirectory C:\Users\Rocío\DoublyLinkedList\DoublyLinkedList\src\main\resources
2015-03-28 23:08:30,718 [Worker-19] INFO  o.e.m.c.i.embedder.EclipseLogger - Using 'UTF-8' encoding to copy filtered resources.
2015-03-28 23:08:30,718 [Worker-19] INFO  o.e.m.c.i.embedder.EclipseLogger - skip non existing resourceDirectory C:\Users\Rocío\DoublyLinkedList\DoublyLinkedList\src\test\resources
2015-03-28 23:13:05,641 [Worker-9] INFO  o.e.m.c.i.embedder.EclipseLogger - Using 'UTF-8' encoding to copy filtered resources.
2015-03-28 23:13:05,641 [Worker-9] INFO  o.e.m.c.i.embedder.EclipseLogger - skip non existing resourceDirectory C:\Users\Rocío\DoublyLinkedList\DoublyLinkedList\src\main\resources
2015-03-28 23:13:05,641 [Worker-9] INFO  o.e.m.c.i.embedder.EclipseLogger - Using 'UTF-8' encoding to copy filtered resources.
2015-03-28 23:13:05,641 [Worker-9] INFO  o.e.m.c.i.embedder.EclipseLogger - skip non existing resourceDirectory C:\Users\Rocío\DoublyLinkedList\DoublyLinkedList\src\test\resources
2015-03-28 23:20:43,336 [Worker-19] INFO  o.e.m.c.i.embedder.EclipseLogger - Using 'UTF-8' encoding to copy filtered resources.
2015-03-28 23:20:43,336 [Worker-19] INFO  o.e.m.c.i.embedder.EclipseLogger - skip non existing resourceDirectory C:\Users\Rocío\DoublyLinkedList\DoublyLinkedList\src\main\resources
2015-03-28 23:20:43,336 [Worker-19] INFO  o.e.m.c.i.embedder.EclipseLogger - Using 'UTF-8' encoding to copy filtered resources.
2015-03-28 23:20:43,336 [Worker-19] INFO  o.e.m.c.i.embedder.EclipseLogger - skip non existing resourceDirectory C:\Users\Rocío\DoublyLinkedList\DoublyLinkedList\src\test\resources
2015-03-28 23:38:19,316 [Worker-25] INFO  o.e.m.c.i.embedder.EclipseLogger - Using 'UTF-8' encoding to copy filtered resources.
2015-03-28 23:38:19,316 [Worker-25] INFO  o.e.m.c.i.embedder.EclipseLogger - skip non existing resourceDirectory C:\Users\Rocío\DoublyLinkedList\DoublyLinkedList\src\main\resources
2015-03-28 23:38:19,316 [Worker-25] INFO  o.e.m.c.i.embedder.EclipseLogger - Using 'UTF-8' encoding to copy filtered resources.
2015-03-28 23:38:19,316 [Worker-25] INFO  o.e.m.c.i.embedder.EclipseLogger - skip non existing resourceDirectory C:\Users\Rocío\DoublyLinkedList\DoublyLinkedList\src\test\resources
2015-03-29 12:27:32,893 [Worker-0] INFO  o.e.m.c.i.embedder.EclipseLogger - Using 'UTF-8' encoding to copy filtered resources.
2015-03-29 12:27:32,909 [Worker-0] INFO  o.e.m.c.i.embedder.EclipseLogger - skip non existing resourceDirectory C:\Users\Rocío\DoublyLinkedList\DoublyLinkedList\src\main\resources
2015-03-29 12:27:32,909 [Worker-0] INFO  o.e.m.c.i.embedder.EclipseLogger - Using 'UTF-8' encoding to copy filtered resources.
2015-03-29 12:27:32,909 [Worker-0] INFO  o.e.m.c.i.embedder.EclipseLogger - skip non existing resourceDirectory C:\Users\Rocío\DoublyLinkedList\DoublyLinkedList\src\test\resources
2015-03-29 12:34:02,688 [Worker-0] INFO  o.e.m.c.i.embedder.EclipseLogger - Using 'UTF-8' encoding to copy filtered resources.
2015-03-29 12:34:02,689 [Worker-0] INFO  o.e.m.c.i.embedder.EclipseLogger - skip non existing resourceDirectory C:\Users\Rocío\DoublyLinkedList\DoublyLinkedList\src\main\resources
2015-03-29 12:34:02,691 [Worker-0] INFO  o.e.m.c.i.embedder.EclipseLogger - Using 'UTF-8' encoding to copy filtered resources.
2015-03-29 12:34:02,692 [Worker-0] INFO  o.e.m.c.i.embedder.EclipseLogger - skip non existing resourceDirectory C:\Users\Rocío\DoublyLinkedList\DoublyLinkedList\src\test\resources
2015-03-29 13:34:31,995 [Worker-18] INFO  o.e.m.c.i.embedder.EclipseLogger - Using 'UTF-8' encoding to copy filtered resources.
2015-03-29 13:34:32,010 [Worker-18] INFO  o.e.m.c.i.embedder.EclipseLogger - skip non existing resourceDirectory C:\Users\Rocío\DoublyLinkedList\DoublyLinkedList\src\main\resources
2015-03-29 13:34:32,026 [Worker-18] INFO  o.e.m.c.i.embedder.EclipseLogger - Using 'UTF-8' encoding to copy filtered resources.
2015-03-29 13:34:32,026 [Worker-18] INFO  o.e.m.c.i.embedder.EclipseLogger - skip non existing resourceDirectory C:\Users\Rocío\DoublyLinkedList\DoublyLinkedList\src\test\resources
2015-03-29 13:34:40,669 [Worker-16] INFO  o.e.m.c.i.embedder.EclipseLogger - Using 'UTF-8' encoding to copy filtered resources.
2015-03-29 13:34:40,669 [Worker-16] INFO  o.e.m.c.i.embedder.EclipseLogger - skip non existing resourceDirectory C:\Users\Rocío\DoublyLinkedList\DoublyLinkedList\src\main\resources
2015-03-29 13:34:40,669 [Worker-16] INFO  o.e.m.c.i.embedder.EclipseLogger - Using 'UTF-8' encoding to copy filtered resources.
2015-03-29 13:34:40,669 [Worker-16] INFO  o.e.m.c.i.embedder.EclipseLogger - skip non existing resourceDirectory C:\Users\Rocío\DoublyLinkedList\DoublyLinkedList\src\test\resources
2015-03-29 13:34:45,481 [Worker-16] INFO  o.e.m.c.i.embedder.EclipseLogger - Using 'UTF-8' encoding to copy filtered resources.
2015-03-29 13:34:45,481 [Worker-16] INFO  o.e.m.c.i.embedder.EclipseLogger - skip non existing resourceDirectory C:\Users\Rocío\DoublyLinkedList\DoublyLinkedList\src\main\resources
2015-03-29 13:34:45,481 [Worker-16] INFO  o.e.m.c.i.embedder.EclipseLogger - Using 'UTF-8' encoding to copy filtered resources.
2015-03-29 13:34:45,481 [Worker-16] INFO  o.e.m.c.i.embedder.EclipseLogger - skip non existing resourceDirectory C:\Users\Rocío\DoublyLinkedList\DoublyLinkedList\src\test\resources
2015-03-29 13:37:10,058 [Worker-16] INFO  o.e.m.c.i.embedder.EclipseLogger - Using 'UTF-8' encoding to copy filtered resources.
2015-03-29 13:37:10,058 [Worker-16] INFO  o.e.m.c.i.embedder.EclipseLogger - skip non existing resourceDirectory C:\Users\Rocío\DoublyLinkedList\DoublyLinkedList\src\main\resources
2015-03-29 13:37:10,058 [Worker-16] INFO  o.e.m.c.i.embedder.EclipseLogger - Using 'UTF-8' encoding to copy filtered resources.
2015-03-29 13:37:10,058 [Worker-16] INFO  o.e.m.c.i.embedder.EclipseLogger - skip non existing resourceDirectory C:\Users\Rocío\DoublyLinkedList\DoublyLinkedList\src\test\resources
2015-03-29 13:37:11,714 [Worker-6] INFO  o.e.m.c.i.embedder.EclipseLogger - Using 'UTF-8' encoding to copy filtered resources.
2015-03-29 13:37:11,714 [Worker-6] INFO  o.e.m.c.i.embedder.EclipseLogger - skip non existing resourceDirectory C:\Users\Rocío\DoublyLinkedList\DoublyLinkedList\src\main\resources
2015-03-29 13:37:11,714 [Worker-6] INFO  o.e.m.c.i.embedder.EclipseLogger - Using 'UTF-8' encoding to copy filtered resources.
2015-03-29 13:37:11,714 [Worker-6] INFO  o.e.m.c.i.embedder.EclipseLogger - skip non existing resourceDirectory C:\Users\Rocío\DoublyLinkedList\DoublyLinkedList\src\test\resources
2015-03-29 13:39:08,539 [Worker-16] INFO  o.e.m.c.i.embedder.EclipseLogger - Using 'UTF-8' encoding to copy filtered resources.
2015-03-29 13:39:08,539 [Worker-16] INFO  o.e.m.c.i.embedder.EclipseLogger - skip non existing resourceDirectory C:\Users\Rocío\DoublyLinkedList\DoublyLinkedList\src\main\resources
2015-03-29 13:39:08,539 [Worker-16] INFO  o.e.m.c.i.embedder.EclipseLogger - Using 'UTF-8' encoding to copy filtered resources.
2015-03-29 13:39:08,539 [Worker-16] INFO  o.e.m.c.i.embedder.EclipseLogger - skip non existing resourceDirectory C:\Users\Rocío\DoublyLinkedList\DoublyLinkedList\src\test\resources
2015-03-29 13:41:16,413 [Worker-19] INFO  o.e.m.c.i.embedder.EclipseLogger - Using 'UTF-8' encoding to copy filtered resources.
2015-03-29 13:41:16,413 [Worker-19] INFO  o.e.m.c.i.embedder.EclipseLogger - skip non existing resourceDirectory C:\Users\Rocío\DoublyLinkedList\DoublyLinkedList\src\main\resources
2015-03-29 13:41:16,413 [Worker-19] INFO  o.e.m.c.i.embedder.EclipseLogger - Using 'UTF-8' encoding to copy filtered resources.
2015-03-29 13:41:16,413 [Worker-19] INFO  o.e.m.c.i.embedder.EclipseLogger - skip non existing resourceDirectory C:\Users\Rocío\DoublyLinkedList\DoublyLinkedList\src\test\resources
2015-03-29 13:41:59,140 [Worker-6] INFO  o.e.m.c.i.embedder.EclipseLogger - Using 'UTF-8' encoding to copy filtered resources.
2015-03-29 13:41:59,140 [Worker-6] INFO  o.e.m.c.i.embedder.EclipseLogger - skip non existing resourceDirectory C:\Users\Rocío\DoublyLinkedList\DoublyLinkedList\src\main\resources
2015-03-29 13:41:59,140 [Worker-6] INFO  o.e.m.c.i.embedder.EclipseLogger - Using 'UTF-8' encoding to copy filtered resources.
2015-03-29 13:41:59,140 [Worker-6] INFO  o.e.m.c.i.embedder.EclipseLogger - skip non existing resourceDirectory C:\Users\Rocío\DoublyLinkedList\DoublyLinkedList\src\test\resources
2015-03-29 13:42:38,135 [Worker-18] INFO  o.e.m.c.i.embedder.EclipseLogger - Using 'UTF-8' encoding to copy filtered resources.
2015-03-29 13:42:38,135 [Worker-18] INFO  o.e.m.c.i.embedder.EclipseLogger - skip non existing resourceDirectory C:\Users\Rocío\DoublyLinkedList\DoublyLinkedList\src\main\resources
2015-03-29 13:42:38,135 [Worker-18] INFO  o.e.m.c.i.embedder.EclipseLogger - Using 'UTF-8' encoding to copy filtered resources.
2015-03-29 13:42:38,135 [Worker-18] INFO  o.e.m.c.i.embedder.EclipseLogger - skip non existing resourceDirectory C:\Users\Rocío\DoublyLinkedList\DoublyLinkedList\src\test\resources
2015-03-29 13:43:10,347 [Worker-13] INFO  o.e.m.c.i.embedder.EclipseLogger - Using 'UTF-8' encoding to copy filtered resources.
2015-03-29 13:43:10,347 [Worker-13] INFO  o.e.m.c.i.embedder.EclipseLogger - skip non existing resourceDirectory C:\Users\Rocío\DoublyLinkedList\DoublyLinkedList\src\main\resources
2015-03-29 13:43:10,347 [Worker-13] INFO  o.e.m.c.i.embedder.EclipseLogger - Using 'UTF-8' encoding to copy filtered resources.
2015-03-29 13:43:10,347 [Worker-13] INFO  o.e.m.c.i.embedder.EclipseLogger - skip non existing resourceDirectory C:\Users\Rocío\DoublyLinkedList\DoublyLinkedList\src\test\resources
2015-03-29 13:44:51,740 [Worker-13] INFO  o.e.m.c.i.embedder.EclipseLogger - Using 'UTF-8' encoding to copy filtered resources.
2015-03-29 13:44:51,740 [Worker-13] INFO  o.e.m.c.i.embedder.EclipseLogger - skip non existing resourceDirectory C:\Users\Rocío\DoublyLinkedList\DoublyLinkedList\src\main\resources
2015-03-29 13:44:51,740 [Worker-13] INFO  o.e.m.c.i.embedder.EclipseLogger - Using 'UTF-8' encoding to copy filtered resources.
2015-03-29 13:44:51,740 [Worker-13] INFO  o.e.m.c.i.embedder.EclipseLogger - skip non existing resourceDirectory C:\Users\Rocío\DoublyLinkedList\DoublyLinkedList\src\test\resources
2015-04-11 11:46:46,974 [Worker-1] INFO  o.e.m.c.i.embedder.EclipseLogger - Using 'UTF-8' encoding to copy filtered resources.
2015-04-11 11:46:46,988 [Worker-1] INFO  o.e.m.c.i.embedder.EclipseLogger - skip non existing resourceDirectory C:\Users\Rocío\DoublyLinkedList\DoublyLinkedList\src\main\resources
2015-04-11 11:46:46,990 [Worker-1] INFO  o.e.m.c.i.embedder.EclipseLogger - Using 'UTF-8' encoding to copy filtered resources.
2015-04-11 11:46:46,990 [Worker-1] INFO  o.e.m.c.i.embedder.EclipseLogger - skip non existing resourceDirectory C:\Users\Rocío\DoublyLinkedList\DoublyLinkedList\src\test\resources
2015-04-11 11:46:59,919 [Worker-2] INFO  o.e.m.c.i.embedder.EclipseLogger - Using 'UTF-8' encoding to copy filtered resources.
2015-04-11 11:46:59,920 [Worker-2] INFO  o.e.m.c.i.embedder.EclipseLogger - skip non existing resourceDirectory C:\Users\Rocío\DoublyLinkedList\DoublyLinkedList\src\main\resources
2015-04-11 11:46:59,922 [Worker-2] INFO  o.e.m.c.i.embedder.EclipseLogger - Using 'UTF-8' encoding to copy filtered resources.
2015-04-11 11:46:59,922 [Worker-2] INFO  o.e.m.c.i.embedder.EclipseLogger - skip non existing resourceDirectory C:\Users\Rocío\DoublyLinkedList\DoublyLinkedList\src\test\resources
2015-04-11 16:09:08,087 [Worker-6] INFO  o.e.m.c.i.embedder.EclipseLogger - Using 'UTF-8' encoding to copy filtered resources.
2015-04-11 16:09:08,087 [Worker-6] INFO  o.e.m.c.i.embedder.EclipseLogger - skip non existing resourceDirectory C:\Users\Rocío\DoublyLinkedList\DoublyLinkedList\src\main\resources
2015-04-11 16:09:08,087 [Worker-6] INFO  o.e.m.c.i.embedder.EclipseLogger - Using 'UTF-8' encoding to copy filtered resources.
2015-04-11 16:09:08,087 [Worker-6] INFO  o.e.m.c.i.embedder.EclipseLogger - skip non existing resourceDirectory C:\Users\Rocío\DoublyLinkedList\DoublyLinkedList\src\test\resources
2015-04-11 16:10:40,194 [Worker-2] INFO  o.e.m.c.i.embedder.EclipseLogger - Using 'UTF-8' encoding to copy filtered resources.
2015-04-11 16:10:40,194 [Worker-2] INFO  o.e.m.c.i.embedder.EclipseLogger - skip non existing resourceDirectory C:\Users\Rocío\DoublyLinkedList\DoublyLinkedList\src\main\resources
2015-04-11 16:10:40,194 [Worker-2] INFO  o.e.m.c.i.embedder.EclipseLogger - Using 'UTF-8' encoding to copy filtered resources.
2015-04-11 16:10:40,194 [Worker-2] INFO  o.e.m.c.i.embedder.EclipseLogger - skip non existing resourceDirectory C:\Users\Rocío\DoublyLinkedList\DoublyLinkedList\src\test\resources
2015-04-11 16:12:58,008 [Worker-6] INFO  o.e.m.c.i.embedder.EclipseLogger - Using 'UTF-8' encoding to copy filtered resources.
2015-04-11 16:12:58,008 [Worker-6] INFO  o.e.m.c.i.embedder.EclipseLogger - skip non existing resourceDirectory C:\Users\Rocío\DoublyLinkedList\DoublyLinkedList\src\main\resources
2015-04-11 16:12:58,008 [Worker-6] INFO  o.e.m.c.i.embedder.EclipseLogger - Using 'UTF-8' encoding to copy filtered resources.
2015-04-11 16:12:58,008 [Worker-6] INFO  o.e.m.c.i.embedder.EclipseLogger - skip non existing resourceDirectory C:\Users\Rocío\DoublyLinkedList\DoublyLinkedList\src\test\resources
2015-04-11 16:16:55,919 [Worker-5] INFO  o.e.m.c.i.embedder.EclipseLogger - Using 'UTF-8' encoding to copy filtered resources.
2015-04-11 16:16:55,919 [Worker-5] INFO  o.e.m.c.i.embedder.EclipseLogger - skip non existing resourceDirectory C:\Users\Rocío\DoublyLinkedList\DoublyLinkedList\src\main\resources
2015-04-11 16:16:55,935 [Worker-5] INFO  o.e.m.c.i.embedder.EclipseLogger - Using 'UTF-8' encoding to copy filtered resources.
2015-04-11 16:16:55,935 [Worker-5] INFO  o.e.m.c.i.embedder.EclipseLogger - skip non existing resourceDirectory C:\Users\Rocío\DoublyLinkedList\DoublyLinkedList\src\test\resources
2015-04-11 16:22:26,954 [Worker-9] INFO  o.e.m.c.i.embedder.EclipseLogger - Using 'UTF-8' encoding to copy filtered resources.
2015-04-11 16:22:26,954 [Worker-9] INFO  o.e.m.c.i.embedder.EclipseLogger - skip non existing resourceDirectory C:\Users\Rocío\DoublyLinkedList\DoublyLinkedList\src\main\resources
2015-04-11 16:22:26,954 [Worker-9] INFO  o.e.m.c.i.embedder.EclipseLogger - Using 'UTF-8' encoding to copy filtered resources.
2015-04-11 16:22:26,954 [Worker-9] INFO  o.e.m.c.i.embedder.EclipseLogger - skip non existing resourceDirectory C:\Users\Rocío\DoublyLinkedList\DoublyLinkedList\src\test\resources
2015-04-11 16:24:30,680 [Worker-1] INFO  o.e.m.c.i.embedder.EclipseLogger - Using 'UTF-8' encoding to copy filtered resources.
2015-04-11 16:24:30,680 [Worker-1] INFO  o.e.m.c.i.embedder.EclipseLogger - skip non existing resourceDirectory C:\Users\Rocío\DoublyLinkedList\DoublyLinkedList\src\main\resources
2015-04-11 16:24:30,680 [Worker-1] INFO  o.e.m.c.i.embedder.EclipseLogger - Using 'UTF-8' encoding to copy filtered resources.
2015-04-11 16:24:30,680 [Worker-1] INFO  o.e.m.c.i.embedder.EclipseLogger - skip non existing resourceDirectory C:\Users\Rocío\DoublyLinkedList\DoublyLinkedList\src\test\resources
2015-04-11 16:27:54,958 [Worker-1] INFO  o.e.m.c.i.embedder.EclipseLogger - Using 'UTF-8' encoding to copy filtered resources.
2015-04-11 16:27:54,958 [Worker-1] INFO  o.e.m.c.i.embedder.EclipseLogger - skip non existing resourceDirectory C:\Users\Rocío\DoublyLinkedList\DoublyLinkedList\src\main\resources
2015-04-11 16:27:54,958 [Worker-1] INFO  o.e.m.c.i.embedder.EclipseLogger - Using 'UTF-8' encoding to copy filtered resources.
2015-04-11 16:27:54,958 [Worker-1] INFO  o.e.m.c.i.embedder.EclipseLogger - skip non existing resourceDirectory C:\Users\Rocío\DoublyLinkedList\DoublyLinkedList\src\test\resources
2015-04-11 16:30:51,244 [Worker-8] INFO  o.e.m.c.i.embedder.EclipseLogger - Using 'UTF-8' encoding to copy filtered resources.
2015-04-11 16:30:51,244 [Worker-8] INFO  o.e.m.c.i.embedder.EclipseLogger - skip non existing resourceDirectory C:\Users\Rocío\DoublyLinkedList\DoublyLinkedList\src\main\resources
2015-04-11 16:30:51,244 [Worker-8] INFO  o.e.m.c.i.embedder.EclipseLogger - Using 'UTF-8' encoding to copy filtered resources.
2015-04-11 16:30:51,244 [Worker-8] INFO  o.e.m.c.i.embedder.EclipseLogger - skip non existing resourceDirectory C:\Users\Rocío\DoublyLinkedList\DoublyLinkedList\src\test\resources
2015-04-11 16:36:52,020 [Worker-1] INFO  o.e.m.c.i.embedder.EclipseLogger - Using 'UTF-8' encoding to copy filtered resources.
2015-04-11 16:36:52,020 [Worker-1] INFO  o.e.m.c.i.embedder.EclipseLogger - skip non existing resourceDirectory C:\Users\Rocío\DoublyLinkedList\DoublyLinkedList\src\main\resources
2015-04-11 16:36:52,020 [Worker-1] INFO  o.e.m.c.i.embedder.EclipseLogger - Using 'UTF-8' encoding to copy filtered resources.
2015-04-11 16:36:52,020 [Worker-1] INFO  o.e.m.c.i.embedder.EclipseLogger - skip non existing resourceDirectory C:\Users\Rocío\DoublyLinkedList\DoublyLinkedList\src\test\resources
2015-04-11 16:38:02,809 [Worker-1] INFO  o.e.m.c.i.embedder.EclipseLogger - Using 'UTF-8' encoding to copy filtered resources.
2015-04-11 16:38:02,809 [Worker-1] INFO  o.e.m.c.i.embedder.EclipseLogger - skip non existing resourceDirectory C:\Users\Rocío\DoublyLinkedList\DoublyLinkedList\src\main\resources
2015-04-11 16:38:02,824 [Worker-1] INFO  o.e.m.c.i.embedder.EclipseLogger - Using 'UTF-8' encoding to copy filtered resources.
2015-04-11 16:38:02,824 [Worker-1] INFO  o.e.m.c.i.embedder.EclipseLogger - skip non existing resourceDirectory C:\Users\Rocío\DoublyLinkedList\DoublyLinkedList\src\test\resources
2015-04-11 16:39:49,479 [Worker-2] INFO  o.e.m.c.i.embedder.EclipseLogger - Using 'UTF-8' encoding to copy filtered resources.
2015-04-11 16:39:49,479 [Worker-2] INFO  o.e.m.c.i.embedder.EclipseLogger - skip non existing resourceDirectory C:\Users\Rocío\DoublyLinkedList\DoublyLinkedList\src\main\resources
2015-04-11 16:39:49,479 [Worker-2] INFO  o.e.m.c.i.embedder.EclipseLogger - Using 'UTF-8' encoding to copy filtered resources.
2015-04-11 16:39:49,479 [Worker-2] INFO  o.e.m.c.i.embedder.EclipseLogger - skip non existing resourceDirectory C:\Users\Rocío\DoublyLinkedList\DoublyLinkedList\src\test\resources
2015-04-11 16:40:18,279 [Worker-12] INFO  o.e.m.c.i.embedder.EclipseLogger - Using 'UTF-8' encoding to copy filtered resources.
2015-04-11 16:40:18,279 [Worker-12] INFO  o.e.m.c.i.embedder.EclipseLogger - skip non existing resourceDirectory C:\Users\Rocío\DoublyLinkedList\DoublyLinkedList\src\main\resources
2015-04-11 16:40:18,279 [Worker-12] INFO  o.e.m.c.i.embedder.EclipseLogger - Using 'UTF-8' encoding to copy filtered resources.
2015-04-11 16:40:18,279 [Worker-12] INFO  o.e.m.c.i.embedder.EclipseLogger - skip non existing resourceDirectory C:\Users\Rocío\DoublyLinkedList\DoublyLinkedList\src\test\resources
2015-04-11 16:43:52,653 [Worker-11] INFO  o.e.m.c.i.embedder.EclipseLogger - Using 'UTF-8' encoding to copy filtered resources.
2015-04-11 16:43:52,653 [Worker-11] INFO  o.e.m.c.i.embedder.EclipseLogger - skip non existing resourceDirectory C:\Users\Rocío\DoublyLinkedList\DoublyLinkedList\src\main\resources
2015-04-11 16:43:52,653 [Worker-11] INFO  o.e.m.c.i.embedder.EclipseLogger - Using 'UTF-8' encoding to copy filtered resources.
2015-04-11 16:43:52,653 [Worker-11] INFO  o.e.m.c.i.embedder.EclipseLogger - skip non existing resourceDirectory C:\Users\Rocío\DoublyLinkedList\DoublyLinkedList\src\test\resources
2015-04-11 16:46:07,066 [Worker-2] INFO  o.e.m.c.i.embedder.EclipseLogger - Using 'UTF-8' encoding to copy filtered resources.
2015-04-11 16:46:07,066 [Worker-2] INFO  o.e.m.c.i.embedder.EclipseLogger - skip non existing resourceDirectory C:\Users\Rocío\DoublyLinkedList\DoublyLinkedList\src\main\resources
2015-04-11 16:46:07,066 [Worker-2] INFO  o.e.m.c.i.embedder.EclipseLogger - Using 'UTF-8' encoding to copy filtered resources.
2015-04-11 16:46:07,066 [Worker-2] INFO  o.e.m.c.i.embedder.EclipseLogger - skip non existing resourceDirectory C:\Users\Rocío\DoublyLinkedList\DoublyLinkedList\src\test\resources
2015-04-11 16:46:18,458 [Worker-11] INFO  o.e.m.c.i.embedder.EclipseLogger - Using 'UTF-8' encoding to copy filtered resources.
2015-04-11 16:46:18,458 [Worker-11] INFO  o.e.m.c.i.embedder.EclipseLogger - skip non existing resourceDirectory C:\Users\Rocío\DoublyLinkedList\DoublyLinkedList\src\main\resources
2015-04-11 16:46:18,458 [Worker-11] INFO  o.e.m.c.i.embedder.EclipseLogger - Using 'UTF-8' encoding to copy filtered resources.
2015-04-11 16:46:18,458 [Worker-11] INFO  o.e.m.c.i.embedder.EclipseLogger - skip non existing resourceDirectory C:\Users\Rocío\DoublyLinkedList\DoublyLinkedList\src\test\resources
2015-04-11 16:47:44,230 [Worker-2] INFO  o.e.m.c.i.embedder.EclipseLogger - Using 'UTF-8' encoding to copy filtered resources.
2015-04-11 16:47:44,230 [Worker-2] INFO  o.e.m.c.i.embedder.EclipseLogger - skip non existing resourceDirectory C:\Users\Rocío\DoublyLinkedList\DoublyLinkedList\src\main\resources
2015-04-11 16:47:44,230 [Worker-2] INFO  o.e.m.c.i.embedder.EclipseLogger - Using 'UTF-8' encoding to copy filtered resources.
2015-04-11 16:47:44,230 [Worker-2] INFO  o.e.m.c.i.embedder.EclipseLogger - skip non existing resourceDirectory C:\Users\Rocío\DoublyLinkedList\DoublyLinkedList\src\test\resources
2015-04-11 16:47:57,784 [Worker-12] INFO  o.e.m.c.i.embedder.EclipseLogger - Using 'UTF-8' encoding to copy filtered resources.
2015-04-11 16:47:57,784 [Worker-12] INFO  o.e.m.c.i.embedder.EclipseLogger - skip non existing resourceDirectory C:\Users\Rocío\DoublyLinkedList\DoublyLinkedList\src\main\resources
2015-04-11 16:47:57,784 [Worker-12] INFO  o.e.m.c.i.embedder.EclipseLogger - Using 'UTF-8' encoding to copy filtered resources.
2015-04-11 16:47:57,784 [Worker-12] INFO  o.e.m.c.i.embedder.EclipseLogger - skip non existing resourceDirectory C:\Users\Rocío\DoublyLinkedList\DoublyLinkedList\src\test\resources
2015-04-14 11:53:51,784 [Worker-3] INFO  o.e.m.c.i.embedder.EclipseLogger - Using 'UTF-8' encoding to copy filtered resources.
2015-04-14 11:53:51,800 [Worker-3] INFO  o.e.m.c.i.embedder.EclipseLogger - skip non existing resourceDirectory C:\Users\Rocío\DoublyLinkedList\DoublyLinkedList\src\main\resources
2015-04-14 11:53:51,800 [Worker-3] INFO  o.e.m.c.i.embedder.EclipseLogger - Using 'UTF-8' encoding to copy filtered resources.
2015-04-14 11:53:51,800 [Worker-3] INFO  o.e.m.c.i.embedder.EclipseLogger - skip non existing resourceDirectory C:\Users\Rocío\DoublyLinkedList\DoublyLinkedList\src\test\resources
2015-04-14 11:55:28,490 [Worker-2] INFO  o.e.m.c.i.embedder.EclipseLogger - Using 'UTF-8' encoding to copy filtered resources.
2015-04-14 11:55:28,490 [Worker-2] INFO  o.e.m.c.i.embedder.EclipseLogger - skip non existing resourceDirectory C:\Users\Rocío\DoublyLinkedList\DoublyLinkedList\src\main\resources
2015-04-14 11:55:28,494 [Worker-2] INFO  o.e.m.c.i.embedder.EclipseLogger - Using 'UTF-8' encoding to copy filtered resources.
2015-04-14 11:55:28,494 [Worker-2] INFO  o.e.m.c.i.embedder.EclipseLogger - skip non existing resourceDirectory C:\Users\Rocío\DoublyLinkedList\DoublyLinkedList\src\test\resources
2015-05-23 10:53:43,972 [Worker-5] INFO  o.e.m.c.i.embedder.EclipseLogger - Using 'UTF-8' encoding to copy filtered resources.
2015-05-23 10:53:43,988 [Worker-5] INFO  o.e.m.c.i.embedder.EclipseLogger - skip non existing resourceDirectory C:\Users\Rocío\DoublyLinkedList\DoublyLinkedList\src\main\resources
2015-05-23 10:53:43,990 [Worker-5] INFO  o.e.m.c.i.embedder.EclipseLogger - Using 'UTF-8' encoding to copy filtered resources.
2015-05-23 10:53:43,990 [Worker-5] INFO  o.e.m.c.i.embedder.EclipseLogger - skip non existing resourceDirectory C:\Users\Rocío\DoublyLinkedList\DoublyLinkedList\src\test\resources
2015-05-23 10:58:19,819 [Worker-0] INFO  o.e.m.c.i.embedder.EclipseLogger - Using 'UTF-8' encoding to copy filtered resources.
2015-05-23 10:58:19,819 [Worker-0] INFO  o.e.m.c.i.embedder.EclipseLogger - skip non existing resourceDirectory C:\Users\Rocío\DoublyLinkedList\DoublyLinkedList\src\main\resources
2015-05-23 10:58:19,821 [Worker-0] INFO  o.e.m.c.i.embedder.EclipseLogger - Using 'UTF-8' encoding to copy filtered resources.
2015-05-23 10:58:19,821 [Worker-0] INFO  o.e.m.c.i.embedder.EclipseLogger - skip non existing resourceDirectory C:\Users\Rocío\DoublyLinkedList\DoublyLinkedList\src\test\resources
2015-05-23 11:00:12,048 [Worker-4] INFO  o.e.m.c.i.embedder.EclipseLogger - Using 'UTF-8' encoding to copy filtered resources.
2015-05-23 11:00:12,048 [Worker-4] INFO  o.e.m.c.i.embedder.EclipseLogger - skip non existing resourceDirectory C:\Users\Rocío\DoublyLinkedList\DoublyLinkedList\src\main\resources
2015-05-23 11:00:12,049 [Worker-4] INFO  o.e.m.c.i.embedder.EclipseLogger - Using 'UTF-8' encoding to copy filtered resources.
2015-05-23 11:00:12,050 [Worker-4] INFO  o.e.m.c.i.embedder.EclipseLogger - skip non existing resourceDirectory C:\Users\Rocío\DoublyLinkedList\DoublyLinkedList\src\test\resources
2015-05-23 11:00:37,564 [Worker-2] INFO  o.e.m.c.i.embedder.EclipseLogger - Using 'UTF-8' encoding to copy filtered resources.
2015-05-23 11:00:37,564 [Worker-2] INFO  o.e.m.c.i.embedder.EclipseLogger - skip non existing resourceDirectory C:\Users\Rocío\DoublyLinkedList\DoublyLinkedList\src\main\resources
2015-05-23 11:00:37,566 [Worker-2] INFO  o.e.m.c.i.embedder.EclipseLogger - Using 'UTF-8' encoding to copy filtered resources.
2015-05-23 11:00:37,566 [Worker-2] INFO  o.e.m.c.i.embedder.EclipseLogger - skip non existing resourceDirectory C:\Users\Rocío\DoublyLinkedList\DoublyLinkedList\src\test\resources
2015-05-23 11:01:00,082 [Worker-2] INFO  o.e.m.c.i.embedder.EclipseLogger - Using 'UTF-8' encoding to copy filtered resources.
2015-05-23 11:01:00,082 [Worker-2] INFO  o.e.m.c.i.embedder.EclipseLogger - skip non existing resourceDirectory C:\Users\Rocío\DoublyLinkedList\DoublyLinkedList\src\main\resources
2015-05-23 11:01:00,083 [Worker-2] INFO  o.e.m.c.i.embedder.EclipseLogger - Using 'UTF-8' encoding to copy filtered resources.
2015-05-23 11:01:00,084 [Worker-2] INFO  o.e.m.c.i.embedder.EclipseLogger - skip non existing resourceDirectory C:\Users\Rocío\DoublyLinkedList\DoublyLinkedList\src\test\resources
